<?xml version="1.0" encoding="UTF-8"?>
<testsuite name="com.cg.usercontrollortest.TestAddUser" tests="2" skipped="0" failures="0" errors="0" timestamp="2022-05-09T09:50:40" hostname="INLEN8520015139" time="0.032">
  <properties/>
  <testcase name="Adding Customer" classname="com.cg.usercontrollortest.TestAddUser" time="0.018"/>
  <testcase name="Adding admin" classname="com.cg.usercontrollortest.TestAddUser" time="0.011"/>
  <system-out><![CDATA[2022-05-09 15:20:40.151  INFO 20176 --- [    Test worker] .b.t.c.SpringBootTestContextBootstrapper : Neither @ContextConfiguration nor @ContextHierarchy found for test class [com.cg.usercontrollortest.TestAddUser], using SpringBootContextLoader
2022-05-09 15:20:40.154  INFO 20176 --- [    Test worker] o.s.t.c.support.AbstractContextLoader    : Could not detect default resource locations for test class [com.cg.usercontrollortest.TestAddUser]: no resource found for suffixes {-context.xml, Context.groovy}.
2022-05-09 15:20:40.154  INFO 20176 --- [    Test worker] t.c.s.AnnotationConfigContextLoaderUtils : Could not detect default configuration classes for test class [com.cg.usercontrollortest.TestAddUser]: TestAddUser does not declare any static, non-private, non-final, nested classes annotated with @Configuration.
2022-05-09 15:20:40.167  INFO 20176 --- [    Test worker] .b.t.c.SpringBootTestContextBootstrapper : Found @SpringBootConfiguration com.cg.CreditCardBillPaymentApplication for test class com.cg.usercontrollortest.TestAddUser
2022-05-09 15:20:40.173  INFO 20176 --- [    Test worker] .b.t.c.SpringBootTestContextBootstrapper : Loaded default TestExecutionListener class names from location [META-INF/spring.factories]: [org.springframework.boot.test.autoconfigure.restdocs.RestDocsTestExecutionListener, org.springframework.boot.test.autoconfigure.web.client.MockRestServiceServerResetTestExecutionListener, org.springframework.boot.test.autoconfigure.web.servlet.MockMvcPrintOnlyOnFailureTestExecutionListener, org.springframework.boot.test.autoconfigure.web.servlet.WebDriverTestExecutionListener, org.springframework.boot.test.autoconfigure.webservices.client.MockWebServiceServerTestExecutionListener, org.springframework.boot.test.mock.mockito.MockitoTestExecutionListener, org.springframework.boot.test.mock.mockito.ResetMocksTestExecutionListener, org.springframework.test.context.web.ServletTestExecutionListener, org.springframework.test.context.support.DirtiesContextBeforeModesTestExecutionListener, org.springframework.test.context.event.ApplicationEventsTestExecutionListener, org.springframework.test.context.support.DependencyInjectionTestExecutionListener, org.springframework.test.context.support.DirtiesContextTestExecutionListener, org.springframework.test.context.transaction.TransactionalTestExecutionListener, org.springframework.test.context.jdbc.SqlScriptsTestExecutionListener, org.springframework.test.context.event.EventPublishingTestExecutionListener]
2022-05-09 15:20:40.174  INFO 20176 --- [    Test worker] .b.t.c.SpringBootTestContextBootstrapper : Using TestExecutionListeners: [org.springframework.test.context.web.ServletTestExecutionListener@2d76c7, org.springframework.test.context.support.DirtiesContextBeforeModesTestExecutionListener@1adb90f, org.springframework.test.context.event.ApplicationEventsTestExecutionListener@1d77205, org.springframework.boot.test.mock.mockito.MockitoTestExecutionListener@1b9c05f, org.springframework.boot.test.autoconfigure.SpringBootDependencyInjectionTestExecutionListener@8915a1, org.springframework.test.context.support.DirtiesContextTestExecutionListener@a6a47e, org.springframework.test.context.transaction.TransactionalTestExecutionListener@45a575, org.springframework.test.context.jdbc.SqlScriptsTestExecutionListener@1332eda, org.springframework.test.context.event.EventPublishingTestExecutionListener@1f70600, org.springframework.boot.test.autoconfigure.restdocs.RestDocsTestExecutionListener@a5da54, org.springframework.boot.test.autoconfigure.web.client.MockRestServiceServerResetTestExecutionListener@1a0aeb8, org.springframework.boot.test.autoconfigure.web.servlet.MockMvcPrintOnlyOnFailureTestExecutionListener@1f70f68, org.springframework.boot.test.autoconfigure.web.servlet.WebDriverTestExecutionListener@e3d6d0, org.springframework.boot.test.autoconfigure.webservices.client.MockWebServiceServerTestExecutionListener@6d922, org.springframework.boot.test.mock.mockito.ResetMocksTestExecutionListener@17274]
]]></system-out>
  <system-err><![CDATA[]]></system-err>
</testsuite>
