<?xml version="1.0" encoding="UTF-8"?>
<testsuite name="com.cg.CreditCardBillPaymentApplicationTests" tests="1" skipped="0" failures="0" errors="0" timestamp="2022-05-09T09:50:39" hostname="INLEN8520015139" time="0.006">
  <properties/>
  <testcase name="contextLoads()" classname="com.cg.CreditCardBillPaymentApplicationTests" time="0.006"/>
  <system-out><![CDATA[2022-05-09 15:20:39.224  INFO 20176 --- [    Test worker] .b.t.c.SpringBootTestContextBootstrapper : Neither @ContextConfiguration nor @ContextHierarchy found for test class [com.cg.CreditCardBillPaymentApplicationTests], using SpringBootContextLoader
2022-05-09 15:20:39.225  INFO 20176 --- [    Test worker] o.s.t.c.support.AbstractContextLoader    : Could not detect default resource locations for test class [com.cg.CreditCardBillPaymentApplicationTests]: no resource found for suffixes {-context.xml, Context.groovy}.
2022-05-09 15:20:39.225  INFO 20176 --- [    Test worker] t.c.s.AnnotationConfigContextLoaderUtils : Could not detect default configuration classes for test class [com.cg.CreditCardBillPaymentApplicationTests]: CreditCardBillPaymentApplicationTests does not declare any static, non-private, non-final, nested classes annotated with @Configuration.
2022-05-09 15:20:39.236  INFO 20176 --- [    Test worker] .b.t.c.SpringBootTestContextBootstrapper : Found @SpringBootConfiguration com.cg.CreditCardBillPaymentApplication for test class com.cg.CreditCardBillPaymentApplicationTests
2022-05-09 15:20:39.240  INFO 20176 --- [    Test worker] .b.t.c.SpringBootTestContextBootstrapper : Loaded default TestExecutionListener class names from location [META-INF/spring.factories]: [org.springframework.boot.test.autoconfigure.restdocs.RestDocsTestExecutionListener, org.springframework.boot.test.autoconfigure.web.client.MockRestServiceServerResetTestExecutionListener, org.springframework.boot.test.autoconfigure.web.servlet.MockMvcPrintOnlyOnFailureTestExecutionListener, org.springframework.boot.test.autoconfigure.web.servlet.WebDriverTestExecutionListener, org.springframework.boot.test.autoconfigure.webservices.client.MockWebServiceServerTestExecutionListener, org.springframework.boot.test.mock.mockito.MockitoTestExecutionListener, org.springframework.boot.test.mock.mockito.ResetMocksTestExecutionListener, org.springframework.test.context.web.ServletTestExecutionListener, org.springframework.test.context.support.DirtiesContextBeforeModesTestExecutionListener, org.springframework.test.context.event.ApplicationEventsTestExecutionListener, org.springframework.test.context.support.DependencyInjectionTestExecutionListener, org.springframework.test.context.support.DirtiesContextTestExecutionListener, org.springframework.test.context.transaction.TransactionalTestExecutionListener, org.springframework.test.context.jdbc.SqlScriptsTestExecutionListener, org.springframework.test.context.event.EventPublishingTestExecutionListener]
2022-05-09 15:20:39.241  INFO 20176 --- [    Test worker] .b.t.c.SpringBootTestContextBootstrapper : Using TestExecutionListeners: [org.springframework.test.context.web.ServletTestExecutionListener@1e5b262, org.springframework.test.context.support.DirtiesContextBeforeModesTestExecutionListener@100e886, org.springframework.test.context.event.ApplicationEventsTestExecutionListener@e1b7b, org.springframework.boot.test.mock.mockito.MockitoTestExecutionListener@fd5759, org.springframework.boot.test.autoconfigure.SpringBootDependencyInjectionTestExecutionListener@358906, org.springframework.test.context.support.DirtiesContextTestExecutionListener@93081e, org.springframework.test.context.transaction.TransactionalTestExecutionListener@941fb4, org.springframework.test.context.jdbc.SqlScriptsTestExecutionListener@6ddc20, org.springframework.test.context.event.EventPublishingTestExecutionListener@561412, org.springframework.boot.test.autoconfigure.restdocs.RestDocsTestExecutionListener@153bbe, org.springframework.boot.test.autoconfigure.web.client.MockRestServiceServerResetTestExecutionListener@6fbf7, org.springframework.boot.test.autoconfigure.web.servlet.MockMvcPrintOnlyOnFailureTestExecutionListener@80b20b, org.springframework.boot.test.autoconfigure.web.servlet.WebDriverTestExecutionListener@e4d8cd, org.springframework.boot.test.autoconfigure.webservices.client.MockWebServiceServerTestExecutionListener@137d1a4, org.springframework.boot.test.mock.mockito.ResetMocksTestExecutionListener@114276]
]]></system-out>
  <system-err><![CDATA[]]></system-err>
</testsuite>
