<?xml version="1.0" encoding="UTF-8"?>
<testsuite name="com.cg.usertest.TestAddUser" tests="2" skipped="0" failures="0" errors="0" timestamp="2022-05-09T09:50:40" hostname="INLEN8520015139" time="0.19">
  <properties/>
  <testcase name="Adding Customer" classname="com.cg.usertest.TestAddUser" time="0.006"/>
  <testcase name="Adding admin" classname="com.cg.usertest.TestAddUser" time="0.182"/>
  <system-out><![CDATA[2022-05-09 15:20:40.335  INFO 20176 --- [    Test worker] .b.t.c.SpringBootTestContextBootstrapper : Neither @ContextConfiguration nor @ContextHierarchy found for test class [com.cg.usertest.TestAddUser], using SpringBootContextLoader
2022-05-09 15:20:40.337  INFO 20176 --- [    Test worker] o.s.t.c.support.AbstractContextLoader    : Could not detect default resource locations for test class [com.cg.usertest.TestAddUser]: no resource found for suffixes {-context.xml, Context.groovy}.
2022-05-09 15:20:40.337  INFO 20176 --- [    Test worker] t.c.s.AnnotationConfigContextLoaderUtils : Could not detect default configuration classes for test class [com.cg.usertest.TestAddUser]: TestAddUser does not declare any static, non-private, non-final, nested classes annotated with @Configuration.
2022-05-09 15:20:40.340  INFO 20176 --- [    Test worker] .b.t.c.SpringBootTestContextBootstrapper : Found @SpringBootConfiguration com.cg.CreditCardBillPaymentApplication for test class com.cg.usertest.TestAddUser
2022-05-09 15:20:40.343  INFO 20176 --- [    Test worker] .b.t.c.SpringBootTestContextBootstrapper : Loaded default TestExecutionListener class names from location [META-INF/spring.factories]: [org.springframework.boot.test.autoconfigure.restdocs.RestDocsTestExecutionListener, org.springframework.boot.test.autoconfigure.web.client.MockRestServiceServerResetTestExecutionListener, org.springframework.boot.test.autoconfigure.web.servlet.MockMvcPrintOnlyOnFailureTestExecutionListener, org.springframework.boot.test.autoconfigure.web.servlet.WebDriverTestExecutionListener, org.springframework.boot.test.autoconfigure.webservices.client.MockWebServiceServerTestExecutionListener, org.springframework.boot.test.mock.mockito.MockitoTestExecutionListener, org.springframework.boot.test.mock.mockito.ResetMocksTestExecutionListener, org.springframework.test.context.web.ServletTestExecutionListener, org.springframework.test.context.support.DirtiesContextBeforeModesTestExecutionListener, org.springframework.test.context.event.ApplicationEventsTestExecutionListener, org.springframework.test.context.support.DependencyInjectionTestExecutionListener, org.springframework.test.context.support.DirtiesContextTestExecutionListener, org.springframework.test.context.transaction.TransactionalTestExecutionListener, org.springframework.test.context.jdbc.SqlScriptsTestExecutionListener, org.springframework.test.context.event.EventPublishingTestExecutionListener]
2022-05-09 15:20:40.344  INFO 20176 --- [    Test worker] .b.t.c.SpringBootTestContextBootstrapper : Using TestExecutionListeners: [org.springframework.test.context.web.ServletTestExecutionListener@3947bd, org.springframework.test.context.support.DirtiesContextBeforeModesTestExecutionListener@131b991, org.springframework.test.context.event.ApplicationEventsTestExecutionListener@bff388, org.springframework.boot.test.mock.mockito.MockitoTestExecutionListener@183131d, org.springframework.boot.test.autoconfigure.SpringBootDependencyInjectionTestExecutionListener@13da23f, org.springframework.test.context.support.DirtiesContextTestExecutionListener@1c263f8, org.springframework.test.context.transaction.TransactionalTestExecutionListener@58fefb, org.springframework.test.context.jdbc.SqlScriptsTestExecutionListener@18a0416, org.springframework.test.context.event.EventPublishingTestExecutionListener@1207142, org.springframework.boot.test.autoconfigure.restdocs.RestDocsTestExecutionListener@1871cfd, org.springframework.boot.test.autoconfigure.web.client.MockRestServiceServerResetTestExecutionListener@3f8990, org.springframework.boot.test.autoconfigure.web.servlet.MockMvcPrintOnlyOnFailureTestExecutionListener@1dc8975, org.springframework.boot.test.autoconfigure.web.servlet.WebDriverTestExecutionListener@1ea552d, org.springframework.boot.test.autoconfigure.webservices.client.MockWebServiceServerTestExecutionListener@57c5d9, org.springframework.boot.test.mock.mockito.ResetMocksTestExecutionListener@2aa00a]
]]></system-out>
  <system-err><![CDATA[]]></system-err>
</testsuite>
