<?xml version="1.0" encoding="UTF-8"?>
<testsuite name="com.cg.customercontrollertest.TestGetDueAmount" tests="2" skipped="0" failures="0" errors="0" timestamp="2022-05-09T09:50:39" hostname="INLEN8520015139" time="0.04">
  <properties/>
  <testcase name="Get Due Amount with valid data" classname="com.cg.customercontrollertest.TestGetDueAmount" time="0.009"/>
  <testcase name="Get Due Amount with invalid data" classname="com.cg.customercontrollertest.TestGetDueAmount" time="0.028"/>
  <system-out><![CDATA[2022-05-09 15:20:39.796  INFO 20176 --- [    Test worker] .b.t.c.SpringBootTestContextBootstrapper : Neither @ContextConfiguration nor @ContextHierarchy found for test class [com.cg.customercontrollertest.TestGetDueAmount], using SpringBootContextLoader
2022-05-09 15:20:39.797  INFO 20176 --- [    Test worker] o.s.t.c.support.AbstractContextLoader    : Could not detect default resource locations for test class [com.cg.customercontrollertest.TestGetDueAmount]: no resource found for suffixes {-context.xml, Context.groovy}.
2022-05-09 15:20:39.797  INFO 20176 --- [    Test worker] t.c.s.AnnotationConfigContextLoaderUtils : Could not detect default configuration classes for test class [com.cg.customercontrollertest.TestGetDueAmount]: TestGetDueAmount does not declare any static, non-private, non-final, nested classes annotated with @Configuration.
2022-05-09 15:20:39.810  INFO 20176 --- [    Test worker] .b.t.c.SpringBootTestContextBootstrapper : Found @SpringBootConfiguration com.cg.CreditCardBillPaymentApplication for test class com.cg.customercontrollertest.TestGetDueAmount
2022-05-09 15:20:39.814  INFO 20176 --- [    Test worker] .b.t.c.SpringBootTestContextBootstrapper : Loaded default TestExecutionListener class names from location [META-INF/spring.factories]: [org.springframework.boot.test.autoconfigure.restdocs.RestDocsTestExecutionListener, org.springframework.boot.test.autoconfigure.web.client.MockRestServiceServerResetTestExecutionListener, org.springframework.boot.test.autoconfigure.web.servlet.MockMvcPrintOnlyOnFailureTestExecutionListener, org.springframework.boot.test.autoconfigure.web.servlet.WebDriverTestExecutionListener, org.springframework.boot.test.autoconfigure.webservices.client.MockWebServiceServerTestExecutionListener, org.springframework.boot.test.mock.mockito.MockitoTestExecutionListener, org.springframework.boot.test.mock.mockito.ResetMocksTestExecutionListener, org.springframework.test.context.web.ServletTestExecutionListener, org.springframework.test.context.support.DirtiesContextBeforeModesTestExecutionListener, org.springframework.test.context.event.ApplicationEventsTestExecutionListener, org.springframework.test.context.support.DependencyInjectionTestExecutionListener, org.springframework.test.context.support.DirtiesContextTestExecutionListener, org.springframework.test.context.transaction.TransactionalTestExecutionListener, org.springframework.test.context.jdbc.SqlScriptsTestExecutionListener, org.springframework.test.context.event.EventPublishingTestExecutionListener]
2022-05-09 15:20:39.815  INFO 20176 --- [    Test worker] .b.t.c.SpringBootTestContextBootstrapper : Using TestExecutionListeners: [org.springframework.test.context.web.ServletTestExecutionListener@189f546, org.springframework.test.context.support.DirtiesContextBeforeModesTestExecutionListener@16ec94a, org.springframework.test.context.event.ApplicationEventsTestExecutionListener@745270, org.springframework.boot.test.mock.mockito.MockitoTestExecutionListener@16d17f4, org.springframework.boot.test.autoconfigure.SpringBootDependencyInjectionTestExecutionListener@1a2ea5a, org.springframework.test.context.support.DirtiesContextTestExecutionListener@ab513d, org.springframework.test.context.transaction.TransactionalTestExecutionListener@8a678a, org.springframework.test.context.jdbc.SqlScriptsTestExecutionListener@1e91918, org.springframework.test.context.event.EventPublishingTestExecutionListener@13bde85, org.springframework.boot.test.autoconfigure.restdocs.RestDocsTestExecutionListener@15b4ca6, org.springframework.boot.test.autoconfigure.web.client.MockRestServiceServerResetTestExecutionListener@60ccf0, org.springframework.boot.test.autoconfigure.web.servlet.MockMvcPrintOnlyOnFailureTestExecutionListener@166247d, org.springframework.boot.test.autoconfigure.web.servlet.WebDriverTestExecutionListener@3a09a2, org.springframework.boot.test.autoconfigure.webservices.client.MockWebServiceServerTestExecutionListener@1d14dbf, org.springframework.boot.test.mock.mockito.ResetMocksTestExecutionListener@1521a79]
]]></system-out>
  <system-err><![CDATA[]]></system-err>
</testsuite>
