<?xml version="1.0" encoding="UTF-8"?>
<testsuite name="com.cg.customercontrollertest.TestGetPaymentHisory" tests="2" skipped="0" failures="0" errors="0" timestamp="2022-05-09T09:50:39" hostname="INLEN8520015139" time="0.043">
  <properties/>
  <testcase name="Get Payment History with invalid data" classname="com.cg.customercontrollertest.TestGetPaymentHisory" time="0.03"/>
  <testcase name="Get Payment History with valid data" classname="com.cg.customercontrollertest.TestGetPaymentHisory" time="0.01"/>
  <system-out><![CDATA[2022-05-09 15:20:39.901  INFO 20176 --- [    Test worker] .b.t.c.SpringBootTestContextBootstrapper : Neither @ContextConfiguration nor @ContextHierarchy found for test class [com.cg.customercontrollertest.TestGetPaymentHisory], using SpringBootContextLoader
2022-05-09 15:20:39.903  INFO 20176 --- [    Test worker] o.s.t.c.support.AbstractContextLoader    : Could not detect default resource locations for test class [com.cg.customercontrollertest.TestGetPaymentHisory]: no resource found for suffixes {-context.xml, Context.groovy}.
2022-05-09 15:20:39.903  INFO 20176 --- [    Test worker] t.c.s.AnnotationConfigContextLoaderUtils : Could not detect default configuration classes for test class [com.cg.customercontrollertest.TestGetPaymentHisory]: TestGetPaymentHisory does not declare any static, non-private, non-final, nested classes annotated with @Configuration.
2022-05-09 15:20:39.907  INFO 20176 --- [    Test worker] .b.t.c.SpringBootTestContextBootstrapper : Found @SpringBootConfiguration com.cg.CreditCardBillPaymentApplication for test class com.cg.customercontrollertest.TestGetPaymentHisory
2022-05-09 15:20:39.912  INFO 20176 --- [    Test worker] .b.t.c.SpringBootTestContextBootstrapper : Loaded default TestExecutionListener class names from location [META-INF/spring.factories]: [org.springframework.boot.test.autoconfigure.restdocs.RestDocsTestExecutionListener, org.springframework.boot.test.autoconfigure.web.client.MockRestServiceServerResetTestExecutionListener, org.springframework.boot.test.autoconfigure.web.servlet.MockMvcPrintOnlyOnFailureTestExecutionListener, org.springframework.boot.test.autoconfigure.web.servlet.WebDriverTestExecutionListener, org.springframework.boot.test.autoconfigure.webservices.client.MockWebServiceServerTestExecutionListener, org.springframework.boot.test.mock.mockito.MockitoTestExecutionListener, org.springframework.boot.test.mock.mockito.ResetMocksTestExecutionListener, org.springframework.test.context.web.ServletTestExecutionListener, org.springframework.test.context.support.DirtiesContextBeforeModesTestExecutionListener, org.springframework.test.context.event.ApplicationEventsTestExecutionListener, org.springframework.test.context.support.DependencyInjectionTestExecutionListener, org.springframework.test.context.support.DirtiesContextTestExecutionListener, org.springframework.test.context.transaction.TransactionalTestExecutionListener, org.springframework.test.context.jdbc.SqlScriptsTestExecutionListener, org.springframework.test.context.event.EventPublishingTestExecutionListener]
2022-05-09 15:20:39.913  INFO 20176 --- [    Test worker] .b.t.c.SpringBootTestContextBootstrapper : Using TestExecutionListeners: [org.springframework.test.context.web.ServletTestExecutionListener@164921f, org.springframework.test.context.support.DirtiesContextBeforeModesTestExecutionListener@19d649c, org.springframework.test.context.event.ApplicationEventsTestExecutionListener@475994, org.springframework.boot.test.mock.mockito.MockitoTestExecutionListener@1a2f08b, org.springframework.boot.test.autoconfigure.SpringBootDependencyInjectionTestExecutionListener@99744a, org.springframework.test.context.support.DirtiesContextTestExecutionListener@84a01, org.springframework.test.context.transaction.TransactionalTestExecutionListener@d73e2d, org.springframework.test.context.jdbc.SqlScriptsTestExecutionListener@33bcd4, org.springframework.test.context.event.EventPublishingTestExecutionListener@1d9b73c, org.springframework.boot.test.autoconfigure.restdocs.RestDocsTestExecutionListener@1f1a3c4, org.springframework.boot.test.autoconfigure.web.client.MockRestServiceServerResetTestExecutionListener@8d301, org.springframework.boot.test.autoconfigure.web.servlet.MockMvcPrintOnlyOnFailureTestExecutionListener@1e40188, org.springframework.boot.test.autoconfigure.web.servlet.WebDriverTestExecutionListener@13c2a9f, org.springframework.boot.test.autoconfigure.webservices.client.MockWebServiceServerTestExecutionListener@15b4dbf, org.springframework.boot.test.mock.mockito.ResetMocksTestExecutionListener@1571c0e]
]]></system-out>
  <system-err><![CDATA[]]></system-err>
</testsuite>
