<?xml version="1.0" encoding="UTF-8"?>
<testsuite name="com.cg.usercontrollortest.TestChangePassword" tests="2" skipped="0" failures="0" errors="0" timestamp="2022-05-09T09:50:40" hostname="INLEN8520015139" time="0.018">
  <properties/>
  <testcase name="User password change with invalid Id" classname="com.cg.usercontrollortest.TestChangePassword" time="0.009"/>
  <testcase name="Admin password change with valid Id" classname="com.cg.usercontrollortest.TestChangePassword" time="0.006"/>
  <system-out><![CDATA[2022-05-09 15:20:40.250  INFO 20176 --- [    Test worker] .b.t.c.SpringBootTestContextBootstrapper : Neither @ContextConfiguration nor @ContextHierarchy found for test class [com.cg.usercontrollortest.TestChangePassword], using SpringBootContextLoader
2022-05-09 15:20:40.252  INFO 20176 --- [    Test worker] o.s.t.c.support.AbstractContextLoader    : Could not detect default resource locations for test class [com.cg.usercontrollortest.TestChangePassword]: no resource found for suffixes {-context.xml, Context.groovy}.
2022-05-09 15:20:40.254  INFO 20176 --- [    Test worker] t.c.s.AnnotationConfigContextLoaderUtils : Could not detect default configuration classes for test class [com.cg.usercontrollortest.TestChangePassword]: TestChangePassword does not declare any static, non-private, non-final, nested classes annotated with @Configuration.
2022-05-09 15:20:40.257  INFO 20176 --- [    Test worker] .b.t.c.SpringBootTestContextBootstrapper : Found @SpringBootConfiguration com.cg.CreditCardBillPaymentApplication for test class com.cg.usercontrollortest.TestChangePassword
2022-05-09 15:20:40.260  INFO 20176 --- [    Test worker] .b.t.c.SpringBootTestContextBootstrapper : Loaded default TestExecutionListener class names from location [META-INF/spring.factories]: [org.springframework.boot.test.autoconfigure.restdocs.RestDocsTestExecutionListener, org.springframework.boot.test.autoconfigure.web.client.MockRestServiceServerResetTestExecutionListener, org.springframework.boot.test.autoconfigure.web.servlet.MockMvcPrintOnlyOnFailureTestExecutionListener, org.springframework.boot.test.autoconfigure.web.servlet.WebDriverTestExecutionListener, org.springframework.boot.test.autoconfigure.webservices.client.MockWebServiceServerTestExecutionListener, org.springframework.boot.test.mock.mockito.MockitoTestExecutionListener, org.springframework.boot.test.mock.mockito.ResetMocksTestExecutionListener, org.springframework.test.context.web.ServletTestExecutionListener, org.springframework.test.context.support.DirtiesContextBeforeModesTestExecutionListener, org.springframework.test.context.event.ApplicationEventsTestExecutionListener, org.springframework.test.context.support.DependencyInjectionTestExecutionListener, org.springframework.test.context.support.DirtiesContextTestExecutionListener, org.springframework.test.context.transaction.TransactionalTestExecutionListener, org.springframework.test.context.jdbc.SqlScriptsTestExecutionListener, org.springframework.test.context.event.EventPublishingTestExecutionListener]
2022-05-09 15:20:40.262  INFO 20176 --- [    Test worker] .b.t.c.SpringBootTestContextBootstrapper : Using TestExecutionListeners: [org.springframework.test.context.web.ServletTestExecutionListener@d944d8, org.springframework.test.context.support.DirtiesContextBeforeModesTestExecutionListener@76b2fe, org.springframework.test.context.event.ApplicationEventsTestExecutionListener@1a2473a, org.springframework.boot.test.mock.mockito.MockitoTestExecutionListener@1629063, org.springframework.boot.test.autoconfigure.SpringBootDependencyInjectionTestExecutionListener@167e3d3, org.springframework.test.context.support.DirtiesContextTestExecutionListener@af57c3, org.springframework.test.context.transaction.TransactionalTestExecutionListener@15949fb, org.springframework.test.context.jdbc.SqlScriptsTestExecutionListener@eb3f3b, org.springframework.test.context.event.EventPublishingTestExecutionListener@1028ce, org.springframework.boot.test.autoconfigure.restdocs.RestDocsTestExecutionListener@ef7340, org.springframework.boot.test.autoconfigure.web.client.MockRestServiceServerResetTestExecutionListener@1caecf7, org.springframework.boot.test.autoconfigure.web.servlet.MockMvcPrintOnlyOnFailureTestExecutionListener@2b0792, org.springframework.boot.test.autoconfigure.web.servlet.WebDriverTestExecutionListener@1d409c1, org.springframework.boot.test.autoconfigure.webservices.client.MockWebServiceServerTestExecutionListener@1c1a08, org.springframework.boot.test.mock.mockito.ResetMocksTestExecutionListener@13e1e8]
]]></system-out>
  <system-err><![CDATA[]]></system-err>
</testsuite>
